set_disabled was called.
 DEBUG liness dffg # This file is generated by and should ONLY be used by tor-control-panel.

 DEBUG liness dffg # User configuration should go to /usr/local/etc/torrc.d/50_user.conf, not here, because:

 DEBUG liness dffg #    1. This file can be easily overwritten by tor-control-panel.

 DEBUG liness dffg #    2. Even a single character change in this file may cause errors.

 DEBUG liness dffg # However, deleting this file is fine, since a new plain file will be generated the next time 

 DEBUG liness dffg #  you run tor-control-panel.# /usr/local/etc/torrc.d/50_user.conf

 DEBUG liness dffg DisableNetwork 1

before:
cat filename: '/usr/local/etc/torrc.d/40_tor_control_panel.conf'
# This file is generated by and should ONLY be used by tor-control-panel.
# User configuration should go to /usr/local/etc/torrc.d/50_user.conf, not here, because:
#    1. This file can be easily overwritten by tor-control-panel.
#    2. Even a single character change in this file may cause errors.
# However, deleting this file is fine, since a new plain file will be generated the next time 
#  you run tor-control-panel.# /usr/local/etc/torrc.d/50_user.conf
DisableNetwork 1

cat filename: '/run/anon-connection-wizard/tor.conf'
# This file is generated by and should ONLY be used by tor-control-panel.
# User configuration should go to /usr/local/etc/torrc.d/50_user.conf, not here, because:
#    1. This file can be easily overwritten by tor-control-panel.
#    2. Even a single character change in this file may cause errors.
# However, deleting this file is fine, since a new plain file will be generated the next time 
#  you run tor-control-panel.# /usr/local/etc/torrc.d/50_user.conf
DisableNetwork 1

content to write: '# This file is generated by and should ONLY be used by tor-control-panel.
# User configuration should go to /usr/local/etc/torrc.d/50_user.conf, not here, because:
#    1. This file can be easily overwritten by tor-control-panel.
#    2. Even a single character change in this file may cause errors.
# However, deleting this file is fine, since a new plain file will be generated the next time 
#  you run tor-control-panel.# /usr/local/etc/torrc.d/50_user.conf
DisableNetwork 1
'
after 1:
cat filename: '/run/anon-connection-wizard/tor.conf'
# This file is generated by and should ONLY be used by tor-control-panel.
# User configuration should go to /usr/local/etc/torrc.d/50_user.conf, not here, because:
#    1. This file can be easily overwritten by tor-control-panel.
#    2. Even a single character change in this file may cause errors.
# However, deleting this file is fine, since a new plain file will be generated the next time 
#  you run tor-control-panel.# /usr/local/etc/torrc.d/50_user.conf
DisableNetwork 1

tor_status.py: executing: leaprun acw-write-torrc
